        -:    0:Source:graph.cpp
        -:    1:#include "graph.h"
        -:    2:#include <iostream>
        -:    3:using namespace std;
        -:    4:
        1:    5:Graph::Graph(int V, bool isDirected) : V(V), adjMatrix(V, vector<int>(V, 0)), isDirected(isDirected) {}
        -:    6:
        -:    7:// Add edge between u and v
        -:    8:// If the graph is undirected, also add the edge from v to u
        6:    9:bool Graph::addEdge(int u, int v, int weight) {
        6:   10:    if (u < 0 || u >= V || v < 0 || v >= V) {
    #####:   11:        cerr << "Error: Vertex index out of bounds." << endl;
    #####:   12:        return false;
        -:   13:    }
        6:   14:    if (u == v) {
        3:   15:        cerr << "Error: Cannot add an edge from a vertex to itself." << endl;
        3:   16:        return false;
        -:   17:    }
        3:   18:    if (adjMatrix[u][v] == weight) {
    #####:   19:        cerr << "Error: Edge already exists between " << u << " and " << v << "." << endl;
    #####:   20:        return false;
        -:   21:    }
        -:   22:    // If the edge already exists, update its weight
        3:   23:    adjMatrix[u][v] = weight;
        3:   24:    if (!isDirected)
        3:   25:        adjMatrix[v][u] = weight; // if undirected graph
        -:   26:
        3:   27:    return true;
        -:   28:
        -:   29:}
        -:   30:
        -:   31:// Remove edge between u and v
    #####:   32:void Graph::removeEdge(int u, int v) {
    #####:   33:    if (u < 0 || u >= V || v < 0 || v >= V) {
    #####:   34:        cerr << "Error: Vertex index out of bounds." << endl;
    #####:   35:        return;
        -:   36:    }
    #####:   37:    if (adjMatrix[u][v] == 0) {
    #####:   38:        cerr << "Error: No edge exists between " << u << " and " << v << "." << endl;
    #####:   39:        return;
        -:   40:    }
    #####:   41:    adjMatrix[u][v] = 0;
    #####:   42:    if (!isDirected)
    #####:   43:        adjMatrix[v][u] = 0; // if undirected graph
        -:   44:  
        -:   45:}
        -:   46:
        -:   47:// Print the adjacency matrix of the graph
        1:   48:void Graph::printGraph() {
        1:   49:    cout << "Adjacency Matrix:" << endl;
        4:   50:    for (int i = 0; i < V; i++) {
        3:   51:        cout << i << ": ";
       12:   52:        for (int j = 0; j < V; j++) {
        9:   53:            cout << adjMatrix[i][j] << " ";
        -:   54:        }
        3:   55:        cout << endl;
        -:   56:    }
        1:   57:}
        -:   58:
        -:   59:// Get the degree of a vertex
    #####:   60:int Graph::degree(int u) {
    #####:   61:    int deg = 0;
    #####:   62:    for (int j = 0; j < V; j++) {
    #####:   63:        if (adjMatrix[u][j] != 0) // if there is an edge between u and j with non-zero weight
    #####:   64:            deg++;
        -:   65:    }
    #####:   66:    return deg;
        -:   67:}
